[0mGET / [36m304 [0m11.496 ms - -[0m
[0mGET /css/bootstrap.min.css [33m404 [0m1.943 ms - 913[0m
[0mGET /stylesheets/style.css [36m304 [0m1.172 ms - -[0m
[0mGET /css/fontawesome-all.css [33m404 [0m0.891 ms - 913[0m
[0mGET / [36m304 [0m1.037 ms - -[0m
[0mGET /css/bootstrap.min.css [33m404 [0m0.505 ms - 913[0m
[0mGET /stylesheets/style.css [36m304 [0m0.257 ms - -[0m
[0mGET /css/fontawesome-all.css [33m404 [0m0.476 ms - 913[0m
[0mGET /blog [36m304 [0m1.175 ms - -[0m
[0mGET /css/bootstrap.min.css [33m404 [0m0.594 ms - 913[0m
[0mGET /stylesheets/style.css [36m304 [0m0.220 ms - -[0m
[0mGET /blog/add [36m304 [0m1.399 ms - -[0m
[0mGET /stylesheets/style.css [36m304 [0m0.273 ms - -[0m
[0mGET /css/bootstrap.min.css [33m404 [0m0.750 ms - 913[0m
[0mGET /blog [36m304 [0m1.000 ms - -[0m
[0mGET /css/bootstrap.min.css [33m404 [0m0.606 ms - 913[0m
[0mGET /stylesheets/style.css [36m304 [0m0.198 ms - -[0m
[0mGET /blog/add [36m304 [0m0.985 ms - -[0m
[0mGET /css/bootstrap.min.css [33m404 [0m0.663 ms - 913[0m
[0mGET /stylesheets/style.css [36m304 [0m0.221 ms - -[0m
[0mGET /blog [36m304 [0m0.744 ms - -[0m
[0mGET /css/bootstrap.min.css [33m404 [0m0.646 ms - 913[0m
[0mGET /stylesheets/style.css [36m304 [0m0.207 ms - -[0m
[0mGET / [36m304 [0m0.737 ms - -[0m
[0mGET /css/bootstrap.min.css [33m404 [0m0.546 ms - 913[0m
[0mGET /stylesheets/style.css [36m304 [0m0.237 ms - -[0m
[0mGET /css/fontawesome-all.css [33m404 [0m0.584 ms - 913[0m
[0mGET /blog [36m304 [0m0.857 ms - -[0m
[0mGET /stylesheets/style.css [36m304 [0m0.281 ms - -[0m
[0mGET /css/bootstrap.min.css [33m404 [0m0.631 ms - 913[0m
[0mGET / [36m304 [0m0.986 ms - -[0m
[0mGET /css/fontawesome-all.css [33m404 [0m0.735 ms - 913[0m
[0mGET / [32m200 [0m0.904 ms - 879[0m
[0mGET / [32m200 [0m0.734 ms - 879[0m
[0mGET / [32m200 [0m0.746 ms - 879[0m
[0mGET / [32m200 [0m0.973 ms - 879[0m
[0mGET / [32m200 [0m0.905 ms - 879[0m
[0mGET / [32m200 [0m0.676 ms - 879[0m
[0mGET /mysql/admin/index.php?lang=en [33m404 [0m0.783 ms - 913[0m
